<?xml version="1.0" encoding="utf-8"?><testsuites name="pytest tests"><testsuite name="pytest" errors="0" failures="0" skipped="0" tests="10" time="1.419" timestamp="2026-06-29T15:43:51.204399+00:00" hostname="agent-env-ac687a20-2e50-4537-8f10-3d7442947d9b"><testcase classname="backend.tests.test_iteration5.TestSettings" name="test_status_and_keys" time="0.346" /><testcase classname="backend.tests.test_iteration5.TestSettings" name="test_offers_have_single_couple_gift" time="0.000" /><testcase classname="backend.tests.test_iteration5.TestSettings" name="test_payment_options_keys" time="0.000" /><testcase classname="backend.tests.test_iteration5.TestSettings" name="test_product_main_image_present" time="0.000" /><testcase classname="backend.tests.test_iteration5.TestAdminLogin" name="test_login_returns_token" time="0.366" /><testcase classname="backend.tests.test_iteration5.TestFrontendSmoke" name="test_home_renders" time="0.109" /><testcase classname="backend.tests.test_iteration5.TestFrontendSmoke" name="test_product_route_serves_spa" time="0.106" /><testcase classname="backend.tests.test_iteration5.TestFrontendSmoke" name="test_checkout_route_serves_spa" time="0.098" /><testcase classname="backend.tests.test_iteration5.TestOrdersRegression" name="test_post_order_single_cod_succeeds" time="0.106" /><testcase classname="backend.tests.test_iteration5.TestMainImageReachable" name="test_main_image_url_returns_200" time="0.224" /></testsuite></testsuites>