<?xml version="1.0" encoding="utf-8"?><testsuites name="pytest tests"><testsuite name="pytest" errors="0" failures="10" skipped="1" tests="56" time="8.127" timestamp="2026-06-29T07:56:56.227429+00:00" hostname="agent-env-ac687a20-2e50-4537-8f10-3d7442947d9b"><testcase classname="backend.tests.backend_test.TestPublic" name="test_root" time="0.116" /><testcase classname="backend.tests.backend_test.TestPublic" name="test_settings" time="0.046"><failure message="AssertionError: assert [] == ['couple', 'gift', 'single']&#10;  &#10;  Right contains 3 more items, first extra item: 'couple'&#10;  &#10;  Full diff:&#10;  + []&#10;  - [&#10;  -     'couple',...&#10;  &#10;  ...Full output truncated (3 lines hidden), use '-vv' to show">backend/tests/backend_test.py:59: in test_settings
    assert keys == ["couple", "gift", "single"]
E   AssertionError: assert [] == ['couple', 'gift', 'single']
E     
E     Right contains 3 more items, first extra item: 'couple'
E     
E     Full diff:
E     + []
E     - [
E     -     'couple',...
E     
E     ...Full output truncated (3 lines hidden), use '-vv' to show</failure></testcase><testcase classname="backend.tests.backend_test.TestPublic" name="test_reviews" time="0.043" /><testcase classname="backend.tests.backend_test.TestPublic" name="test_faqs" time="0.044" /><testcase classname="backend.tests.backend_test.TestPublic" name="test_gallery" time="0.043" /><testcase classname="backend.tests.backend_test.TestOrders" name="test_create_order_cod_single" time="0.044"><failure message="AssertionError: {&quot;detail&quot;:&quot;Unknown offer single&quot;}&#10;assert 400 == 200&#10; +  where 400 = &lt;Response [400]&gt;.status_code">backend/tests/backend_test.py:99: in test_create_order_cod_single
    assert r.status_code == 200, r.text
E   AssertionError: {"detail":"Unknown offer single"}
E   assert 400 == 200
E    +  where 400 = &lt;Response [400]&gt;.status_code</failure></testcase><testcase classname="backend.tests.backend_test.TestOrders" name="test_create_order_free_shipping" time="0.044"><failure message="assert 400 == 200&#10; +  where 400 = &lt;Response [400]&gt;.status_code">backend/tests/backend_test.py:124: in test_create_order_free_shipping
    assert r.status_code == 200
E   assert 400 == 200
E    +  where 400 = &lt;Response [400]&gt;.status_code</failure></testcase><testcase classname="backend.tests.backend_test.TestOrders" name="test_create_order_invalid_offer" time="0.041" /><testcase classname="backend.tests.backend_test.TestOrders" name="test_create_order_empty_items" time="0.041" /><testcase classname="backend.tests.backend_test.TestOrders" name="test_track_order_success" time="0.000"><skipped type="pytest.skip" message="order from previous test missing">/app/backend/tests/backend_test.py:153: order from previous test missing</skipped></testcase><testcase classname="backend.tests.backend_test.TestOrders" name="test_track_order_not_found" time="0.044" /><testcase classname="backend.tests.backend_test.TestAdminAuth" name="test_login_success" time="0.265" /><testcase classname="backend.tests.backend_test.TestAdminAuth" name="test_login_bad_password" time="0.303" /><testcase classname="backend.tests.backend_test.TestAdminAuth" name="test_protected_missing_token" time="0.041" /><testcase classname="backend.tests.backend_test.TestAdminAuth" name="test_protected_invalid_token" time="0.041" /><testcase classname="backend.tests.backend_test.TestAdminAuth" name="test_admin_me" time="0.307" /><testcase classname="backend.tests.backend_test.TestAdminOrders" name="test_dashboard" time="0.045" /><testcase classname="backend.tests.backend_test.TestAdminOrders" name="test_list_orders" time="0.049" /><testcase classname="backend.tests.backend_test.TestAdminOrders" name="test_update_order_status" time="0.042"><failure message="KeyError: 'id'">backend/tests/backend_test.py:212: in test_update_order_status
    r = client.put(f"{API}/admin/orders/{o['id']}/status",
                                         ^^^^^^^
E   KeyError: 'id'</failure></testcase><testcase classname="backend.tests.backend_test.TestAdminOrders" name="test_update_payment_status" time="0.044"><failure message="KeyError: 'id'">backend/tests/backend_test.py:227: in test_update_payment_status
    r = client.put(f"{API}/admin/orders/{o['id']}/payment",
                                         ^^^^^^^
E   KeyError: 'id'</failure></testcase><testcase classname="backend.tests.backend_test.TestAdminOrders" name="test_orders_csv_export" time="0.043" /><testcase classname="backend.tests.backend_test.TestAdminCRUD" name="test_review_create_update_delete" time="0.260" /><testcase classname="backend.tests.backend_test.TestAdminCRUD" name="test_faq_create_update_delete" time="0.135" /><testcase classname="backend.tests.backend_test.TestAdminCRUD" name="test_gallery_create_update_delete" time="0.134" /><testcase classname="backend.tests.backend_test.TestAdminSettings" name="test_get_settings_admin" time="0.041" /><testcase classname="backend.tests.backend_test.TestAdminSettings" name="test_update_settings_persists_to_public" time="0.165" /><testcase classname="backend.tests.test_iteration2.TestPublicSettings" name="test_new_fields_present" time="0.091" /><testcase classname="backend.tests.test_iteration2.TestCouponValidate" name="test_glow10_valid" time="0.041" /><testcase classname="backend.tests.test_iteration2.TestCouponValidate" name="test_glow10_case_insensitive" time="0.082" /><testcase classname="backend.tests.test_iteration2.TestCouponValidate" name="test_welcome5_fixed" time="0.043" /><testcase classname="backend.tests.test_iteration2.TestCouponValidate" name="test_invalid_coupon_404" time="0.083" /><testcase classname="backend.tests.test_iteration2.TestCouponValidate" name="test_below_min_subtotal" time="0.085" /><testcase classname="backend.tests.test_iteration2.TestOrderWithCoupon" name="test_order_with_glow10" time="0.041"><failure message="AssertionError: {&quot;detail&quot;:&quot;Unknown offer single&quot;}&#10;assert 400 == 200&#10; +  where 400 = &lt;Response [400]&gt;.status_code">backend/tests/test_iteration2.py:90: in test_order_with_glow10
    assert r.status_code == 200, r.text
E   AssertionError: {"detail":"Unknown offer single"}
E   assert 400 == 200
E    +  where 400 = &lt;Response [400]&gt;.status_code</failure></testcase><testcase classname="backend.tests.test_iteration2.TestOrderWithCoupon" name="test_order_without_coupon_backward_compat" time="0.041"><failure message="AssertionError: {&quot;detail&quot;:&quot;Unknown offer single&quot;}&#10;assert 400 == 200&#10; +  where 400 = &lt;Response [400]&gt;.status_code">backend/tests/test_iteration2.py:111: in test_order_without_coupon_backward_compat
    assert r.status_code == 200, r.text
E   AssertionError: {"detail":"Unknown offer single"}
E   assert 400 == 200
E    +  where 400 = &lt;Response [400]&gt;.status_code</failure></testcase><testcase classname="backend.tests.test_iteration2.TestOrderWithCoupon" name="test_order_with_invalid_coupon_ignored" time="0.043"><failure message="assert 400 == 200&#10; +  where 400 = &lt;Response [400]&gt;.status_code">backend/tests/test_iteration2.py:128: in test_order_with_invalid_coupon_ignored
    assert r.status_code == 200
E   assert 400 == 200
E    +  where 400 = &lt;Response [400]&gt;.status_code</failure></testcase><testcase classname="backend.tests.test_iteration2.TestPayPalCapture" name="test_paypal_capture_marks_paid" time="0.042"><failure message="KeyError: 'id'">backend/tests/test_iteration2.py:144: in test_paypal_capture_marks_paid
    r = client.post(f"{API}/orders/{o['id']}/paypal-capture",
                                    ^^^^^^^
E   KeyError: 'id'</failure></testcase><testcase classname="backend.tests.test_iteration2.TestPayPalCapture" name="test_paypal_capture_not_found" time="0.042" /><testcase classname="backend.tests.test_iteration2.TestAdminCouponsCRUD" name="test_requires_auth" time="0.042" /><testcase classname="backend.tests.test_iteration2.TestAdminCouponsCRUD" name="test_list_includes_seeded" time="0.351" /><testcase classname="backend.tests.test_iteration2.TestAdminCouponsCRUD" name="test_crud_lifecycle" time="0.388" /><testcase classname="backend.tests.test_iteration2.TestStoreCountry" name="test_change_country_and_revert" time="0.258" /><testcase classname="backend.tests.test_iteration3.TestCardCapture" name="test_get_settings_has_card_extra_fields" time="0.094" /><testcase classname="backend.tests.test_iteration3.TestCardCapture" name="test_put_settings_with_capture_flags" time="0.619" /><testcase classname="backend.tests.test_iteration3.TestCardCapture" name="test_order_drops_non_capture_fields" time="0.094"><failure message="AssertionError: {&quot;detail&quot;:&quot;Unknown offer single&quot;}&#10;assert 400 == 200&#10; +  where 400 = &lt;Response [400]&gt;.status_code">backend/tests/test_iteration3.py:82: in test_order_drops_non_capture_fields
    assert r.status_code == 200, r.text
E   AssertionError: {"detail":"Unknown offer single"}
E   assert 400 == 200
E    +  where 400 = &lt;Response [400]&gt;.status_code</failure></testcase><testcase classname="backend.tests.test_iteration3.TestUploads" name="test_upload_requires_admin" time="0.090" /><testcase classname="backend.tests.test_iteration3.TestUploads" name="test_upload_rejects_non_image" time="0.116" /><testcase classname="backend.tests.test_iteration3.TestUploads" name="test_upload_png_and_serve" time="0.524" /><testcase classname="backend.tests.test_iteration3.TestUploads" name="test_upload_rejects_oversize" time="0.407" /><testcase classname="backend.tests.test_iteration3" name="test_cleanup_extra_fields" time="0.540" /><testcase classname="backend.tests.test_iteration4.TestSettingsShape" name="test_public_settings_keys_present" time="0.502" /><testcase classname="backend.tests.test_iteration4.TestAdminHealth" name="test_admin_login_returns_token" time="0.000" /><testcase classname="backend.tests.test_iteration4.TestAdminHealth" name="test_admin_orders_returns_list" time="0.102" /><testcase classname="backend.tests.test_iteration4.TestFrontendSmoke" name="test_home_renders_glowcamp" time="0.098" /><testcase classname="backend.tests.test_iteration4.TestFrontendSmoke" name="test_checkout_route_serves_spa" time="0.096" /><testcase classname="backend.tests.test_iteration4.TestCardExtraFieldsCaptureFlow" name="test_add_field_post_order_and_verify_persistence" time="0.291" /><testcase classname="backend.tests.test_iteration4.TestPaymentToggleRegression" name="test_disable_card_reflected_in_public_settings" time="0.300" /></testsuite></testsuites>