<?xml version="1.0" encoding="utf-8"?><testsuites name="pytest tests"><testsuite name="pytest" errors="0" failures="0" skipped="0" tests="7" time="1.634" timestamp="2026-06-29T07:56:49.184031+00:00" hostname="agent-env-ac687a20-2e50-4537-8f10-3d7442947d9b"><testcase classname="backend.tests.test_iteration4.TestSettingsShape" name="test_public_settings_keys_present" time="0.673" /><testcase classname="backend.tests.test_iteration4.TestAdminHealth" name="test_admin_login_returns_token" time="0.000" /><testcase classname="backend.tests.test_iteration4.TestAdminHealth" name="test_admin_orders_returns_list" time="0.104" /><testcase classname="backend.tests.test_iteration4.TestFrontendSmoke" name="test_home_renders_glowcamp" time="0.099" /><testcase classname="backend.tests.test_iteration4.TestFrontendSmoke" name="test_checkout_route_serves_spa" time="0.097" /><testcase classname="backend.tests.test_iteration4.TestCardExtraFieldsCaptureFlow" name="test_add_field_post_order_and_verify_persistence" time="0.311" /><testcase classname="backend.tests.test_iteration4.TestPaymentToggleRegression" name="test_disable_card_reflected_in_public_settings" time="0.279" /></testsuite></testsuites>