<?xml version="1.0" encoding="utf-8"?><testsuites name="pytest tests"><testsuite name="pytest" errors="0" failures="0" skipped="0" tests="8" time="2.894" timestamp="2026-06-27T08:56:04.346529+00:00" hostname="agent-env-ac687a20-2e50-4537-8f10-3d7442947d9b"><testcase classname="backend.tests.test_iteration3.TestCardCapture" name="test_get_settings_has_card_extra_fields" time="0.235" /><testcase classname="backend.tests.test_iteration3.TestCardCapture" name="test_put_settings_with_capture_flags" time="0.689" /><testcase classname="backend.tests.test_iteration3.TestCardCapture" name="test_order_drops_non_capture_fields" time="0.122" /><testcase classname="backend.tests.test_iteration3.TestUploads" name="test_upload_requires_admin" time="0.089" /><testcase classname="backend.tests.test_iteration3.TestUploads" name="test_upload_rejects_non_image" time="0.097" /><testcase classname="backend.tests.test_iteration3.TestUploads" name="test_upload_png_and_serve" time="0.685" /><testcase classname="backend.tests.test_iteration3.TestUploads" name="test_upload_rejects_oversize" time="0.403" /><testcase classname="backend.tests.test_iteration3" name="test_cleanup_extra_fields" time="0.507" /></testsuite></testsuites>