<?xml version="1.0" encoding="utf-8"?><testsuites name="pytest tests"><testsuite name="pytest" errors="0" failures="0" skipped="0" tests="15" time="1.783" timestamp="2026-06-23T08:14:25.880177+00:00" hostname="agent-env-ac687a20-2e50-4537-8f10-3d7442947d9b"><testcase classname="backend.tests.test_iteration2.TestPublicSettings" name="test_new_fields_present" time="0.241" /><testcase classname="backend.tests.test_iteration2.TestCouponValidate" name="test_glow10_valid" time="0.049" /><testcase classname="backend.tests.test_iteration2.TestCouponValidate" name="test_glow10_case_insensitive" time="0.044" /><testcase classname="backend.tests.test_iteration2.TestCouponValidate" name="test_welcome5_fixed" time="0.044" /><testcase classname="backend.tests.test_iteration2.TestCouponValidate" name="test_invalid_coupon_404" time="0.044" /><testcase classname="backend.tests.test_iteration2.TestCouponValidate" name="test_below_min_subtotal" time="0.049" /><testcase classname="backend.tests.test_iteration2.TestOrderWithCoupon" name="test_order_with_glow10" time="0.047" /><testcase classname="backend.tests.test_iteration2.TestOrderWithCoupon" name="test_order_without_coupon_backward_compat" time="0.047" /><testcase classname="backend.tests.test_iteration2.TestOrderWithCoupon" name="test_order_with_invalid_coupon_ignored" time="0.046" /><testcase classname="backend.tests.test_iteration2.TestPayPalCapture" name="test_paypal_capture_marks_paid" time="0.135" /><testcase classname="backend.tests.test_iteration2.TestPayPalCapture" name="test_paypal_capture_not_found" time="0.053" /><testcase classname="backend.tests.test_iteration2.TestAdminCouponsCRUD" name="test_requires_auth" time="0.044" /><testcase classname="backend.tests.test_iteration2.TestAdminCouponsCRUD" name="test_list_includes_seeded" time="0.315" /><testcase classname="backend.tests.test_iteration2.TestAdminCouponsCRUD" name="test_crud_lifecycle" time="0.273" /><testcase classname="backend.tests.test_iteration2.TestStoreCountry" name="test_change_country_and_revert" time="0.268" /></testsuite></testsuites>