<?xml version="1.0" encoding="utf-8"?><testsuites name="pytest tests"><testsuite name="pytest" errors="0" failures="0" skipped="0" tests="19" time="5.434" timestamp="2026-06-29T17:09:04.775519+00:00" hostname="agent-env-ac687a20-2e50-4537-8f10-3d7442947d9b"><testcase classname="backend.tests.test_iteration11_analytics.TestTrackEndpoint" name="test_track_returns_ok" time="0.361" /><testcase classname="backend.tests.test_iteration11_analytics.TestTrackEndpoint" name="test_track_empty_session_id_still_ok" time="0.156" /><testcase classname="backend.tests.test_iteration11_analytics.TestTrackEndpoint" name="test_track_bad_payload_422" time="0.137" /><testcase classname="backend.tests.test_iteration11_analytics.TestPathNormalization" name="test_normalization_query_hash_trailing" time="1.180" /><testcase classname="backend.tests.test_iteration11_analytics.TestAnalyticsAuth" name="test_analytics_requires_auth" time="0.105" /><testcase classname="backend.tests.test_iteration11_analytics.TestAnalyticsAuth" name="test_analytics_bad_token_401" time="0.136" /><testcase classname="backend.tests.test_iteration11_analytics.TestAnalyticsShape" name="test_shape_and_counts" time="0.947" /><testcase classname="backend.tests.test_iteration11_analytics.TestAnalyticsShape" name="test_active_now_path_switch" time="1.028" /><testcase classname="backend.tests.test_iteration11_analytics.TestDashboardRegression" name="test_dashboard_shape_intact" time="0.179" /><testcase classname="backend.tests.test_iteration5.TestSettings" name="test_status_and_keys" time="0.108" /><testcase classname="backend.tests.test_iteration5.TestSettings" name="test_offers_have_single_couple_gift" time="0.000" /><testcase classname="backend.tests.test_iteration5.TestSettings" name="test_payment_options_keys" time="0.000" /><testcase classname="backend.tests.test_iteration5.TestSettings" name="test_product_main_image_present" time="0.000" /><testcase classname="backend.tests.test_iteration5.TestAdminLogin" name="test_login_returns_token" time="0.327" /><testcase classname="backend.tests.test_iteration5.TestFrontendSmoke" name="test_home_renders" time="0.109" /><testcase classname="backend.tests.test_iteration5.TestFrontendSmoke" name="test_product_route_serves_spa" time="0.103" /><testcase classname="backend.tests.test_iteration5.TestFrontendSmoke" name="test_checkout_route_serves_spa" time="0.122" /><testcase classname="backend.tests.test_iteration5.TestOrdersRegression" name="test_post_order_single_cod_succeeds" time="0.121" /><testcase classname="backend.tests.test_iteration5.TestMainImageReachable" name="test_main_image_url_returns_200" time="0.245" /></testsuite></testsuites>