<?xml version="1.0" encoding="utf-8"?><testsuites name="pytest tests"><testsuite name="pytest" errors="0" failures="0" skipped="0" tests="26" time="2.976" timestamp="2026-06-23T07:37:57.504916+00:00" hostname="agent-env-ac687a20-2e50-4537-8f10-3d7442947d9b"><testcase classname="backend.tests.backend_test.TestPublic" name="test_root" time="0.272" /><testcase classname="backend.tests.backend_test.TestPublic" name="test_settings" time="0.047" /><testcase classname="backend.tests.backend_test.TestPublic" name="test_reviews" time="0.044" /><testcase classname="backend.tests.backend_test.TestPublic" name="test_faqs" time="0.049" /><testcase classname="backend.tests.backend_test.TestPublic" name="test_gallery" time="0.045" /><testcase classname="backend.tests.backend_test.TestOrders" name="test_create_order_cod_single" time="0.071" /><testcase classname="backend.tests.backend_test.TestOrders" name="test_create_order_free_shipping" time="0.044" /><testcase classname="backend.tests.backend_test.TestOrders" name="test_create_order_invalid_offer" time="0.043" /><testcase classname="backend.tests.backend_test.TestOrders" name="test_create_order_empty_items" time="0.087" /><testcase classname="backend.tests.backend_test.TestOrders" name="test_track_order_success" time="0.045" /><testcase classname="backend.tests.backend_test.TestOrders" name="test_track_order_not_found" time="0.042" /><testcase classname="backend.tests.backend_test.TestAdminAuth" name="test_login_success" time="0.266" /><testcase classname="backend.tests.backend_test.TestAdminAuth" name="test_login_bad_password" time="0.269" /><testcase classname="backend.tests.backend_test.TestAdminAuth" name="test_protected_missing_token" time="0.042" /><testcase classname="backend.tests.backend_test.TestAdminAuth" name="test_protected_invalid_token" time="0.043" /><testcase classname="backend.tests.backend_test.TestAdminAuth" name="test_admin_me" time="0.346" /><testcase classname="backend.tests.backend_test.TestAdminOrders" name="test_dashboard" time="0.048" /><testcase classname="backend.tests.backend_test.TestAdminOrders" name="test_list_orders" time="0.044" /><testcase classname="backend.tests.backend_test.TestAdminOrders" name="test_update_order_status" time="0.091" /><testcase classname="backend.tests.backend_test.TestAdminOrders" name="test_update_payment_status" time="0.093" /><testcase classname="backend.tests.backend_test.TestAdminOrders" name="test_orders_csv_export" time="0.045" /><testcase classname="backend.tests.backend_test.TestAdminCRUD" name="test_review_create_update_delete" time="0.174" /><testcase classname="backend.tests.backend_test.TestAdminCRUD" name="test_faq_create_update_delete" time="0.129" /><testcase classname="backend.tests.backend_test.TestAdminCRUD" name="test_gallery_create_update_delete" time="0.170" /><testcase classname="backend.tests.backend_test.TestAdminSettings" name="test_get_settings_admin" time="0.042" /><testcase classname="backend.tests.backend_test.TestAdminSettings" name="test_update_settings_persists_to_public" time="0.127" /></testsuite></testsuites>